Using pre-set license
Built from '2021.3/staging' branch; Version is '2021.3.5f1 (40eb3a945986) revision 4254522'; Using compiler version '192829333'; Build Type 'Release'
OS: 'Windows 10  (10.0.19043) 64bit Core' Language: 'ko' Physical Memory: 8079 MB
BatchMode: 1, IsHumanControllingUs: 0, StartBugReporterOnCrash: 0, Is64bit: 1, IsPro: 1

COMMAND LINE ARGUMENTS:
D:\Unity Hub\2021.3.5f1\Editor\Unity.exe
-adb2
-batchMode
-noUpm
-name
AssetImportWorker0
-projectPath
D:/Coding/Unity
-logFile
Logs/AssetImportWorker0.log
-srvPort
2126
Successfully changed project path to: D:/Coding/Unity
D:/Coding/Unity
[UnityMemory] Configuration Parameters - Can be set up in boot.config
    "memorysetup-bucket-allocator-granularity=16"
    "memorysetup-bucket-allocator-bucket-count=8"
    "memorysetup-bucket-allocator-block-size=33554432"
    "memorysetup-bucket-allocator-block-count=8"
    "memorysetup-main-allocator-block-size=16777216"
    "memorysetup-thread-allocator-block-size=16777216"
    "memorysetup-gfx-main-allocator-block-size=16777216"
    "memorysetup-gfx-thread-allocator-block-size=16777216"
    "memorysetup-cache-allocator-block-size=4194304"
    "memorysetup-typetree-allocator-block-size=2097152"
    "memorysetup-profiler-bucket-allocator-granularity=16"
    "memorysetup-profiler-bucket-allocator-bucket-count=8"
    "memorysetup-profiler-bucket-allocator-block-size=33554432"
    "memorysetup-profiler-bucket-allocator-block-count=8"
    "memorysetup-profiler-allocator-block-size=16777216"
    "memorysetup-profiler-editor-allocator-block-size=1048576"
    "memorysetup-temp-allocator-size-main=16777216"
    "memorysetup-job-temp-allocator-block-size=2097152"
    "memorysetup-job-temp-allocator-block-size-background=1048576"
    "memorysetup-job-temp-allocator-reduction-small-platforms=262144"
    "memorysetup-temp-allocator-size-background-worker=32768"
    "memorysetup-temp-allocator-size-job-worker=262144"
    "memorysetup-temp-allocator-size-preload-manager=33554432"
    "memorysetup-temp-allocator-size-nav-mesh-worker=65536"
    "memorysetup-temp-allocator-size-audio-worker=65536"
    "memorysetup-temp-allocator-size-cloud-worker=32768"
    "memorysetup-temp-allocator-size-gi-baking-worker=262144"
    "memorysetup-temp-allocator-size-gfx=262144"
Refreshing native plugins compatible for Editor in 149.34 ms, found 3 plugins.
Preloading 0 native plugins for Editor in 0.00 ms.
Initialize engine version: 2021.3.5f1 (40eb3a945986)
[Subsystems] Discovering subsystems at path D:/Unity Hub/2021.3.5f1/Editor/Data/Resources/UnitySubsystems
[Subsystems] Discovering subsystems at path D:/Coding/Unity/Assets
GfxDevice: creating device client; threaded=0; jobified=0
Direct3D:
    Version:  Direct3D 11.0 [level 11.1]
    Renderer: Intel(R) HD Graphics 620 (ID=0x5916)
    Vendor:   Intel
    VRAM:     4039 MB
    Driver:   21.20.16.4534
Initialize mono
Mono path[0] = 'D:/Unity Hub/2021.3.5f1/Editor/Data/Managed'
Mono path[1] = 'D:/Unity Hub/2021.3.5f1/Editor/Data/MonoBleedingEdge/lib/mono/unityjit-win32'
Mono config path = 'D:/Unity Hub/2021.3.5f1/Editor/Data/MonoBleedingEdge/etc'
Using monoOptions --debugger-agent=transport=dt_socket,embedding=1,server=y,suspend=n,address=127.0.0.1:56196
Begin MonoManager ReloadAssembly
Registering precompiled unity dll's ...
Register platform support module: D:/Unity Hub/2021.3.5f1/Editor/Data/PlaybackEngines/WebGLSupport/UnityEditor.WebGL.Extensions.dll
Register platform support module: D:/Unity Hub/2021.3.5f1/Editor/Data/PlaybackEngines/AndroidPlayer/UnityEditor.Android.Extensions.dll
Register platform support module: D:/Unity Hub/2021.3.5f1/Editor/Data/PlaybackEngines/WindowsStandaloneSupport/UnityEditor.WindowsStandalone.Extensions.dll
Registered in 0.007882 seconds.
Native extension for WindowsStandalone target not found
Native extension for Android target not found
Native extension for WebGL target not found
Refreshing native plugins compatible for Editor in 112.45 ms, found 3 plugins.
Preloading 0 native plugins for Editor in 0.00 ms.
Mono: successfully reloaded assembly
- Completed reload, in  1.081 seconds
Domain Reload Profiling:
	ReloadAssembly (1082ms)
		BeginReloadAssembly (213ms)
			ExecutionOrderSort (0ms)
			DisableScriptedObjects (0ms)
			BackupInstance (0ms)
			ReleaseScriptingObjects (0ms)
			CreateAndSetChildDomain (1ms)
		EndReloadAssembly (717ms)
			LoadAssemblies (216ms)
			RebuildTransferFunctionScriptingTraits (0ms)
			SetupTypeCache (177ms)
			ReleaseScriptCaches (0ms)
			RebuildScriptCaches (41ms)
			SetupLoadedEditorAssemblies (428ms)
				LogAssemblyErrors (0ms)
				InitializePlatformSupportModulesInManaged (83ms)
				SetLoadedEditorAssemblies (0ms)
				RefreshPlugins (113ms)
				BeforeProcessingInitializeOnLoad (1ms)
				ProcessInitializeOnLoadAttributes (134ms)
				ProcessInitializeOnLoadMethodAttributes (97ms)
				AfterProcessingInitializeOnLoad (0ms)
				EditorAssembliesLoaded (0ms)
			ExecutionOrderSort2 (0ms)
			AwakeInstancesAfterBackupRestoration (0ms)
Platform modules already initialized, skipping
Registering precompiled user dll's ...
Registered in 0.017046 seconds.
Begin MonoManager ReloadAssembly
Symbol file LoadedFromMemory doesn't match image D:\Coding\Unity\Library\PackageCache\com.unity.visualscripting@1.7.8\Editor\VisualScripting.Core\Dependencies\YamlDotNet\Unity.VisualScripting.YamlDotNet.dll
Symbol file LoadedFromMemory doesn't match image D:\Coding\Unity\Library\PackageCache\com.unity.visualscripting@1.7.8\Editor\VisualScripting.Core\Dependencies\DotNetZip\Unity.VisualScripting.IonicZip.dll
Native extension for WindowsStandalone target not found
Native extension for Android target not found
Native extension for WebGL target not found
Refreshing native plugins compatible for Editor in 1.84 ms, found 3 plugins.
Preloading 0 native plugins for Editor in 0.00 ms.
Mono: successfully reloaded assembly
Package Manager log level set to [2]
- Completed reload, in  3.113 seconds
Domain Reload Profiling:
	ReloadAssembly (3114ms)
		BeginReloadAssembly (1363ms)
			ExecutionOrderSort (0ms)
			DisableScriptedObjects (12ms)
			BackupInstance (0ms)
			ReleaseScriptingObjects (0ms)
			CreateAndSetChildDomain (1109ms)
		EndReloadAssembly (1571ms)
			LoadAssemblies (318ms)
			RebuildTransferFunctionScriptingTraits (0ms)
			SetupTypeCache (443ms)
			ReleaseScriptCaches (1ms)
			RebuildScriptCaches (157ms)
			SetupLoadedEditorAssemblies (621ms)
				LogAssemblyErrors (0ms)
				InitializePlatformSupportModulesInManaged (31ms)
				SetLoadedEditorAssemblies (1ms)
				RefreshPlugins (2ms)
				BeforeProcessingInitializeOnLoad (134ms)
				ProcessInitializeOnLoadAttributes (396ms)
				ProcessInitializeOnLoadMethodAttributes (48ms)
				AfterProcessingInitializeOnLoad (8ms)
				EditorAssembliesLoaded (0ms)
			ExecutionOrderSort2 (0ms)
			AwakeInstancesAfterBackupRestoration (29ms)
Platform modules already initialized, skipping
========================================================================
Worker process is ready to serve import requests
Launched and connected shader compiler UnityShaderCompiler.exe after 0.21 seconds
Refreshing native plugins compatible for Editor in 1.42 ms, found 3 plugins.
Preloading 0 native plugins for Editor in 0.00 ms.
Unloading 3562 Unused Serialized files (Serialized files now loaded: 0)
Unloading 42 unused Assets / (55.3 KB). Loaded Objects now: 4006.
Memory consumption went from 127.4 MB to 127.3 MB.
Total: 3.644500 ms (FindLiveObjects: 0.363300 ms CreateObjectMapping: 0.260400 ms MarkObjects: 2.927200 ms  DeleteObjects: 0.092100 ms)

AssetImportParameters requested are different than current active one (requested -> active):
  custom:video-decoder-ogg-theora: a1e56fd34408186e4bbccfd4996cb3dc -> 
  custom:container-muxer-webm: aa71ff27fc2769a1b78a27578f13a17b -> 
  custom:container-demuxer-webm: 4f35f7cbe854078d1ac9338744f61a02 -> 
  custom:video-encoder-webm-vp8: eb34c28f22e8b96e1ab97ce403110664 -> 
  custom:video-codec-MediaFoundation-h265: 746d11721c4dcdbdad8f713fa42b33f4 -> 
  custom:audio-encoder-webm-vorbis: bf7c407c2cedff20999df2af8eb42d56 -> 
  custom:framework-win-MediaFoundation: 216162199b28c13a410421893ffa2e32 -> 
  custom:container-demuxer-ogg: 62fdf1f143b41e24485cea50d1cbac27 -> 
  custom:video-decoder-webm-vp8: 9c59270c3fd7afecdb556c50c9e8de78 -> 
  custom:audio-decoder-ogg-vorbis: bf7c407c2cedff20999df2af8eb42d56 -> 
========================================================================
Received Import Request.
  Time since last request: 32458.016658 seconds.
  path: Assets/image/ui/character/select/wave.png
  artifactKey: Guid(b01d55a2279398e49a6edd4f65c01291) Importer(815301076,1909f56bfc062723c751e8b465ee728b)
Start importing Assets/image/ui/character/select/wave.png using Guid(b01d55a2279398e49a6edd4f65c01291) Importer(815301076,1909f56bfc062723c751e8b465ee728b)  -> (artifact id: '64f76c3e44975aac824e8ffc62e9ef82') in 0.427130 seconds 
========================================================================
Received Import Request.
  Time since last request: 0.000035 seconds.
  path: Assets/Plugins/Android
  artifactKey: Guid(ceabb708feefd654caec43d937e60bad) Importer(815301076,1909f56bfc062723c751e8b465ee728b)
Start importing Assets/Plugins/Android using Guid(ceabb708feefd654caec43d937e60bad) Importer(815301076,1909f56bfc062723c751e8b465ee728b)  -> (artifact id: '31e54e4b251fa19799ea500d67d3a2db') in 0.005070 seconds 
========================================================================
Received Import Request.
  Time since last request: 0.000045 seconds.
  path: Assets/image
  artifactKey: Guid(09b4b1f8c9e44df4d8e7bad0909692b8) Importer(815301076,1909f56bfc062723c751e8b465ee728b)
Start importing Assets/image using Guid(09b4b1f8c9e44df4d8e7bad0909692b8) Importer(815301076,1909f56bfc062723c751e8b465ee728b)  -> (artifact id: 'e68feaf113f4b6ea425bb932a950d8e2') in 0.010358 seconds 
========================================================================
Received Import Request.
  Time since last request: 0.000049 seconds.
  path: Assets/image/ui/character/select/circle.png
  artifactKey: Guid(ccb2cce1621880e47ac2a25b66c505ea) Importer(815301076,1909f56bfc062723c751e8b465ee728b)
Start importing Assets/image/ui/character/select/circle.png using Guid(ccb2cce1621880e47ac2a25b66c505ea) Importer(815301076,1909f56bfc062723c751e8b465ee728b)  -> (artifact id: '14f47d0dceefeea9a30acde8ed47ac81') in 0.045544 seconds 
========================================================================
Received Import Request.
  Time since last request: 0.000049 seconds.
  path: Assets/Plugins
  artifactKey: Guid(7135fb6433fbf9b4c99e763f5740ae1d) Importer(815301076,1909f56bfc062723c751e8b465ee728b)
Start importing Assets/Plugins using Guid(7135fb6433fbf9b4c99e763f5740ae1d) Importer(815301076,1909f56bfc062723c751e8b465ee728b)  -> (artifact id: '52f760fd230699bc3af37a8f50eaf915') in 0.007677 seconds 
========================================================================
Received Import Request.
  Time since last request: 10.894627 seconds.
  path: Assets/Adaptive Performance
  artifactKey: Guid(081acd5e8e9b60e46a23192bc1ccd9a4) Importer(815301076,1909f56bfc062723c751e8b465ee728b)
Start importing Assets/Adaptive Performance using Guid(081acd5e8e9b60e46a23192bc1ccd9a4) Importer(815301076,1909f56bfc062723c751e8b465ee728b)  -> (artifact id: '065231ccbc060cd24ffa98cafedeef9f') in 0.009799 seconds 
========================================================================
Received Import Request.
  Time since last request: 0.616757 seconds.
  path: Assets/Adaptive Performance/Provider
  artifactKey: Guid(52fe90acc56cfd143a1f56787b0e9f15) Importer(815301076,1909f56bfc062723c751e8b465ee728b)
Start importing Assets/Adaptive Performance/Provider using Guid(52fe90acc56cfd143a1f56787b0e9f15) Importer(815301076,1909f56bfc062723c751e8b465ee728b)  -> (artifact id: 'e6d922d42be3f4cfa0037f74877df031') in 0.014358 seconds 
========================================================================
Received Import Request.
  Time since last request: 0.044280 seconds.
  path: Assets/Adaptive Performance/Provider/Samsung Android Provider Loader.asset
  artifactKey: Guid(7700ec8dce1a4a34694138971b0b7ef7) Importer(815301076,1909f56bfc062723c751e8b465ee728b)
Start importing Assets/Adaptive Performance/Provider/Samsung Android Provider Loader.asset using Guid(7700ec8dce1a4a34694138971b0b7ef7) Importer(815301076,1909f56bfc062723c751e8b465ee728b)  -> (artifact id: 'a6eb6a7b853ba5c358f16c501705eff5') in 0.023163 seconds 
========================================================================
Received Import Request.
  Time since last request: 5.487492 seconds.
  path: Assets/StreamingAssets
  artifactKey: Guid(918490422403085409bf8771eb4d4f54) Importer(815301076,1909f56bfc062723c751e8b465ee728b)
Start importing Assets/StreamingAssets using Guid(918490422403085409bf8771eb4d4f54) Importer(815301076,1909f56bfc062723c751e8b465ee728b)  -> (artifact id: '0ac73358b3d8a31e559ddbd34e0736b2') in 0.010469 seconds 
========================================================================
Received Import Request.
  Time since last request: 1.037221 seconds.
  path: Assets/scripts
  artifactKey: Guid(e910c489d166f5b42a3b399604288e60) Importer(815301076,1909f56bfc062723c751e8b465ee728b)
Start importing Assets/scripts using Guid(e910c489d166f5b42a3b399604288e60) Importer(815301076,1909f56bfc062723c751e8b465ee728b)  -> (artifact id: '54736d6d85c8d0365642aa9a64a74758') in 0.011347 seconds 
========================================================================
Received Import Request.
  Time since last request: 8.336547 seconds.
  path: Assets/scripts/ButtonClick.cs
  artifactKey: Guid(1a5f9f5cb715a44438e3a1ed8fda7342) Importer(815301076,1909f56bfc062723c751e8b465ee728b)
Start importing Assets/scripts/ButtonClick.cs using Guid(1a5f9f5cb715a44438e3a1ed8fda7342) Importer(815301076,1909f56bfc062723c751e8b465ee728b)  -> (artifact id: 'fa3fe2eff72f8991c6576011c444176e') in 0.201435 seconds 
========================================================================
Received Import Request.
  Time since last request: 2.587938 seconds.
  path: Assets/scripts/PlayerAnimation.cs
  artifactKey: Guid(7e99374e55c2faa48afb2c1fecde9fe2) Importer(815301076,1909f56bfc062723c751e8b465ee728b)
Start importing Assets/scripts/PlayerAnimation.cs using Guid(7e99374e55c2faa48afb2c1fecde9fe2) Importer(815301076,1909f56bfc062723c751e8b465ee728b)  -> (artifact id: 'd4e87d1003ac370a845a40b96d9feea0') in 0.006298 seconds 
========================================================================
Received Prepare
Registering precompiled user dll's ...
Registered in 0.018952 seconds.
Begin MonoManager ReloadAssembly
Symbol file LoadedFromMemory doesn't match image D:\Coding\Unity\Library\PackageCache\com.unity.visualscripting@1.7.8\Editor\VisualScripting.Core\Dependencies\YamlDotNet\Unity.VisualScripting.YamlDotNet.dll
Symbol file LoadedFromMemory doesn't match image D:\Coding\Unity\Library\PackageCache\com.unity.visualscripting@1.7.8\Editor\VisualScripting.Core\Dependencies\DotNetZip\Unity.VisualScripting.IonicZip.dll
Native extension for WindowsStandalone target not found
Native extension for Android target not found
Native extension for WebGL target not found
Refreshing native plugins compatible for Editor in 0.77 ms, found 3 plugins.
Preloading 0 native plugins for Editor in 0.00 ms.
Mono: successfully reloaded assembly
- Completed reload, in  1.491 seconds
Domain Reload Profiling:
	ReloadAssembly (1492ms)
		BeginReloadAssembly (269ms)
			ExecutionOrderSort (0ms)
			DisableScriptedObjects (6ms)
			BackupInstance (0ms)
			ReleaseScriptingObjects (0ms)
			CreateAndSetChildDomain (47ms)
		EndReloadAssembly (1084ms)
			LoadAssemblies (271ms)
			RebuildTransferFunctionScriptingTraits (0ms)
			SetupTypeCache (372ms)
			ReleaseScriptCaches (1ms)
			RebuildScriptCaches (54ms)
			SetupLoadedEditorAssemblies (427ms)
				LogAssemblyErrors (0ms)
				InitializePlatformSupportModulesInManaged (30ms)
				SetLoadedEditorAssemblies (1ms)
				RefreshPlugins (1ms)
				BeforeProcessingInitializeOnLoad (86ms)
				ProcessInitializeOnLoadAttributes (265ms)
				ProcessInitializeOnLoadMethodAttributes (35ms)
				AfterProcessingInitializeOnLoad (10ms)
				EditorAssembliesLoaded (0ms)
			ExecutionOrderSort2 (0ms)
			AwakeInstancesAfterBackupRestoration (23ms)
Platform modules already initialized, skipping
Refreshing native plugins compatible for Editor in 44.52 ms, found 3 plugins.
Preloading 0 native plugins for Editor in 0.00 ms.
Unloading 3540 Unused Serialized files (Serialized files now loaded: 0)
Unloading 38 unused Assets / (24.6 KB). Loaded Objects now: 4015.
Memory consumption went from 130.2 MB to 130.1 MB.
Total: 5.658100 ms (FindLiveObjects: 0.814100 ms CreateObjectMapping: 0.357600 ms MarkObjects: 4.412900 ms  DeleteObjects: 0.070600 ms)

AssetImportParameters requested are different than current active one (requested -> active):
  custom:video-decoder-ogg-theora: a1e56fd34408186e4bbccfd4996cb3dc -> 
  custom:container-muxer-webm: aa71ff27fc2769a1b78a27578f13a17b -> 
  custom:container-demuxer-webm: 4f35f7cbe854078d1ac9338744f61a02 -> 
  custom:video-encoder-webm-vp8: eb34c28f22e8b96e1ab97ce403110664 -> 
  custom:video-codec-MediaFoundation-h265: 746d11721c4dcdbdad8f713fa42b33f4 -> 
  custom:audio-encoder-webm-vorbis: bf7c407c2cedff20999df2af8eb42d56 -> 
  custom:framework-win-MediaFoundation: 216162199b28c13a410421893ffa2e32 -> 
  custom:container-demuxer-ogg: 62fdf1f143b41e24485cea50d1cbac27 -> 
  custom:video-decoder-webm-vp8: 9c59270c3fd7afecdb556c50c9e8de78 -> 
  custom:audio-decoder-ogg-vorbis: bf7c407c2cedff20999df2af8eb42d56 -> 
========================================================================
Received Import Request.
  Time since last request: 14.359745 seconds.
  path: Assets/scripts/Character/Select/AddButton.cs
  artifactKey: Guid(517e6caa8a0b9eb4f9a599b9cfe7a7fe) Importer(815301076,1909f56bfc062723c751e8b465ee728b)
Start importing Assets/scripts/Character/Select/AddButton.cs using Guid(517e6caa8a0b9eb4f9a599b9cfe7a7fe) Importer(815301076,1909f56bfc062723c751e8b465ee728b)  -> (artifact id: '52fffb8496792ac2a35892b3db2befe9') in 0.011070 seconds 
========================================================================
Received Import Request.
  Time since last request: 1.901590 seconds.
  path: Assets/scripts/Character/Select/WaveMove.cs
  artifactKey: Guid(417b4127aab6ddd44895958e68441164) Importer(815301076,1909f56bfc062723c751e8b465ee728b)
Start importing Assets/scripts/Character/Select/WaveMove.cs using Guid(417b4127aab6ddd44895958e68441164) Importer(815301076,1909f56bfc062723c751e8b465ee728b)  -> (artifact id: '3b0796210c9b898f730b2c3ef9f16a99') in 0.005496 seconds 
========================================================================
Received Prepare
Registering precompiled user dll's ...
Registered in 0.014686 seconds.
Begin MonoManager ReloadAssembly
Symbol file LoadedFromMemory doesn't match image D:\Coding\Unity\Library\PackageCache\com.unity.visualscripting@1.7.8\Editor\VisualScripting.Core\Dependencies\YamlDotNet\Unity.VisualScripting.YamlDotNet.dll
Symbol file LoadedFromMemory doesn't match image D:\Coding\Unity\Library\PackageCache\com.unity.visualscripting@1.7.8\Editor\VisualScripting.Core\Dependencies\DotNetZip\Unity.VisualScripting.IonicZip.dll
Native extension for WindowsStandalone target not found
Native extension for Android target not found
Native extension for WebGL target not found
Refreshing native plugins compatible for Editor in 0.82 ms, found 3 plugins.
Preloading 0 native plugins for Editor in 0.00 ms.
Mono: successfully reloaded assembly
- Completed reload, in  1.538 seconds
Domain Reload Profiling:
	ReloadAssembly (1539ms)
		BeginReloadAssembly (248ms)
			ExecutionOrderSort (0ms)
			DisableScriptedObjects (7ms)
			BackupInstance (0ms)
			ReleaseScriptingObjects (0ms)
			CreateAndSetChildDomain (43ms)
		EndReloadAssembly (1144ms)
			LoadAssemblies (247ms)
			RebuildTransferFunctionScriptingTraits (0ms)
			SetupTypeCache (325ms)
			ReleaseScriptCaches (3ms)
			RebuildScriptCaches (74ms)
			SetupLoadedEditorAssemblies (493ms)
				LogAssemblyErrors (0ms)
				InitializePlatformSupportModulesInManaged (39ms)
				SetLoadedEditorAssemblies (1ms)
				RefreshPlugins (1ms)
				BeforeProcessingInitializeOnLoad (128ms)
				ProcessInitializeOnLoadAttributes (277ms)
				ProcessInitializeOnLoadMethodAttributes (39ms)
				AfterProcessingInitializeOnLoad (9ms)
				EditorAssembliesLoaded (0ms)
			ExecutionOrderSort2 (0ms)
			AwakeInstancesAfterBackupRestoration (31ms)
Platform modules already initialized, skipping
Refreshing native plugins compatible for Editor in 111.93 ms, found 3 plugins.
Preloading 0 native plugins for Editor in 0.00 ms.
Unloading 3539 Unused Serialized files (Serialized files now loaded: 0)
Unloading 36 unused Assets / (24.7 KB). Loaded Objects now: 4017.
Memory consumption went from 130.1 MB to 130.1 MB.
Total: 6.434600 ms (FindLiveObjects: 0.403800 ms CreateObjectMapping: 0.480200 ms MarkObjects: 5.512500 ms  DeleteObjects: 0.036600 ms)

AssetImportParameters requested are different than current active one (requested -> active):
  custom:video-decoder-ogg-theora: a1e56fd34408186e4bbccfd4996cb3dc -> 
  custom:container-muxer-webm: aa71ff27fc2769a1b78a27578f13a17b -> 
  custom:container-demuxer-webm: 4f35f7cbe854078d1ac9338744f61a02 -> 
  custom:video-encoder-webm-vp8: eb34c28f22e8b96e1ab97ce403110664 -> 
  custom:video-codec-MediaFoundation-h265: 746d11721c4dcdbdad8f713fa42b33f4 -> 
  custom:audio-encoder-webm-vorbis: bf7c407c2cedff20999df2af8eb42d56 -> 
  custom:framework-win-MediaFoundation: 216162199b28c13a410421893ffa2e32 -> 
  custom:container-demuxer-ogg: 62fdf1f143b41e24485cea50d1cbac27 -> 
  custom:video-decoder-webm-vp8: 9c59270c3fd7afecdb556c50c9e8de78 -> 
  custom:audio-decoder-ogg-vorbis: bf7c407c2cedff20999df2af8eb42d56 -> 
========================================================================
Received Import Request.
  Time since last request: 24.089534 seconds.
  path: Assets/scripts/Character
  artifactKey: Guid(e64fab32b6f9d484283febb68757da66) Importer(815301076,1909f56bfc062723c751e8b465ee728b)
Start importing Assets/scripts/Character using Guid(e64fab32b6f9d484283febb68757da66) Importer(815301076,1909f56bfc062723c751e8b465ee728b)  -> (artifact id: 'ceff0347ec8ff3dbf17221376e4410c1') in 0.011243 seconds 
========================================================================
Received Import Request.
  Time since last request: 3.256891 seconds.
  path: Assets/scripts/Login
  artifactKey: Guid(56b7427ab229a134b82adc5bd0ae6ec2) Importer(815301076,1909f56bfc062723c751e8b465ee728b)
Start importing Assets/scripts/Login using Guid(56b7427ab229a134b82adc5bd0ae6ec2) Importer(815301076,1909f56bfc062723c751e8b465ee728b)  -> (artifact id: '2262bc05f955ed177a9bd7863272df96') in 0.060801 seconds 
========================================================================
Received Import Request.
  Time since last request: 1.104085 seconds.
  path: Assets/scripts/Login/ButtonEvents.cs
  artifactKey: Guid(a403ad2d9390c5e4c805bc415e4d3410) Importer(815301076,1909f56bfc062723c751e8b465ee728b)
Start importing Assets/scripts/Login/ButtonEvents.cs using Guid(a403ad2d9390c5e4c805bc415e4d3410) Importer(815301076,1909f56bfc062723c751e8b465ee728b)  -> (artifact id: 'fd0d55f4e7a55624b5fdbe005fcb9108') in 0.005708 seconds 
========================================================================
Received Prepare
Registering precompiled user dll's ...
Registered in 0.019146 seconds.
Begin MonoManager ReloadAssembly
Symbol file LoadedFromMemory doesn't match image D:\Coding\Unity\Library\PackageCache\com.unity.visualscripting@1.7.8\Editor\VisualScripting.Core\Dependencies\YamlDotNet\Unity.VisualScripting.YamlDotNet.dll
Symbol file LoadedFromMemory doesn't match image D:\Coding\Unity\Library\PackageCache\com.unity.visualscripting@1.7.8\Editor\VisualScripting.Core\Dependencies\DotNetZip\Unity.VisualScripting.IonicZip.dll
Native extension for WindowsStandalone target not found
Native extension for Android target not found
Native extension for WebGL target not found
Refreshing native plugins compatible for Editor in 0.84 ms, found 3 plugins.
Preloading 0 native plugins for Editor in 0.00 ms.
Mono: successfully reloaded assembly
- Completed reload, in  1.601 seconds
Domain Reload Profiling:
	ReloadAssembly (1602ms)
		BeginReloadAssembly (243ms)
			ExecutionOrderSort (0ms)
			DisableScriptedObjects (7ms)
			BackupInstance (0ms)
			ReleaseScriptingObjects (0ms)
			CreateAndSetChildDomain (46ms)
		EndReloadAssembly (1209ms)
			LoadAssemblies (245ms)
			RebuildTransferFunctionScriptingTraits (0ms)
			SetupTypeCache (343ms)
			ReleaseScriptCaches (1ms)
			RebuildScriptCaches (58ms)
			SetupLoadedEditorAssemblies (528ms)
				LogAssemblyErrors (0ms)
				InitializePlatformSupportModulesInManaged (45ms)
				SetLoadedEditorAssemblies (1ms)
				RefreshPlugins (1ms)
				BeforeProcessingInitializeOnLoad (134ms)
				ProcessInitializeOnLoadAttributes (298ms)
				ProcessInitializeOnLoadMethodAttributes (40ms)
				AfterProcessingInitializeOnLoad (9ms)
				EditorAssembliesLoaded (0ms)
			ExecutionOrderSort2 (0ms)
			AwakeInstancesAfterBackupRestoration (24ms)
Platform modules already initialized, skipping
Refreshing native plugins compatible for Editor in 11.19 ms, found 3 plugins.
Preloading 0 native plugins for Editor in 0.00 ms.
Unloading 3538 Unused Serialized files (Serialized files now loaded: 0)
Unloading 36 unused Assets / (24.6 KB). Loaded Objects now: 4019.
Memory consumption went from 130.1 MB to 130.1 MB.
Total: 4.635800 ms (FindLiveObjects: 0.378100 ms CreateObjectMapping: 0.373100 ms MarkObjects: 3.841500 ms  DeleteObjects: 0.041300 ms)

AssetImportParameters requested are different than current active one (requested -> active):
  custom:video-decoder-ogg-theora: a1e56fd34408186e4bbccfd4996cb3dc -> 
  custom:container-muxer-webm: aa71ff27fc2769a1b78a27578f13a17b -> 
  custom:container-demuxer-webm: 4f35f7cbe854078d1ac9338744f61a02 -> 
  custom:video-encoder-webm-vp8: eb34c28f22e8b96e1ab97ce403110664 -> 
  custom:video-codec-MediaFoundation-h265: 746d11721c4dcdbdad8f713fa42b33f4 -> 
  custom:audio-encoder-webm-vorbis: bf7c407c2cedff20999df2af8eb42d56 -> 
  custom:framework-win-MediaFoundation: 216162199b28c13a410421893ffa2e32 -> 
  custom:container-demuxer-ogg: 62fdf1f143b41e24485cea50d1cbac27 -> 
  custom:video-decoder-webm-vp8: 9c59270c3fd7afecdb556c50c9e8de78 -> 
  custom:audio-decoder-ogg-vorbis: bf7c407c2cedff20999df2af8eb42d56 -> 
========================================================================
Received Import Request.
  Time since last request: 20.412158 seconds.
  path: Assets/scripts/socket
  artifactKey: Guid(361327545d88c3841929a5951c1a657b) Importer(815301076,1909f56bfc062723c751e8b465ee728b)
Start importing Assets/scripts/socket using Guid(361327545d88c3841929a5951c1a657b) Importer(815301076,1909f56bfc062723c751e8b465ee728b)  -> (artifact id: 'a062831b52a21ffd1ee06c1ad5ba54cd') in 0.010749 seconds 
========================================================================
Received Import Request.
  Time since last request: 1.262076 seconds.
  path: Assets/Adaptive Performance/Settings
  artifactKey: Guid(7c1b6d525d95fda4a99ae9d9bd261c3c) Importer(815301076,1909f56bfc062723c751e8b465ee728b)
Start importing Assets/Adaptive Performance/Settings using Guid(7c1b6d525d95fda4a99ae9d9bd261c3c) Importer(815301076,1909f56bfc062723c751e8b465ee728b)  -> (artifact id: '058cf33d005ebcf8805394c4755a64c9') in 0.009966 seconds 
========================================================================
Received Import Request.
  Time since last request: 0.059461 seconds.
  path: Assets/Adaptive Performance/Settings/Samsung Android Provider Settings.asset
  artifactKey: Guid(d04e40b7c4581f94da6d1465aa6f6ec4) Importer(815301076,1909f56bfc062723c751e8b465ee728b)
Start importing Assets/Adaptive Performance/Settings/Samsung Android Provider Settings.asset using Guid(d04e40b7c4581f94da6d1465aa6f6ec4) Importer(815301076,1909f56bfc062723c751e8b465ee728b)  -> (artifact id: '3ea201ccd974bbedcc51f0d1de237720') in 0.020383 seconds 
========================================================================
Received Import Request.
  Time since last request: 2.750288 seconds.
  path: Assets/Editor
  artifactKey: Guid(9a2df797eb7ea8e44843144af9429b99) Importer(815301076,1909f56bfc062723c751e8b465ee728b)
Start importing Assets/Editor using Guid(9a2df797eb7ea8e44843144af9429b99) Importer(815301076,1909f56bfc062723c751e8b465ee728b)  -> (artifact id: '86fe348b1f5084850d974029330b1b78') in 0.028020 seconds 
========================================================================
Received Import Request.
  Time since last request: 0.563127 seconds.
  path: Assets/Editor/com.unity.mobile.notifications
  artifactKey: Guid(6d8e2e3178665be488e481c57be9527e) Importer(815301076,1909f56bfc062723c751e8b465ee728b)
Start importing Assets/Editor/com.unity.mobile.notifications using Guid(6d8e2e3178665be488e481c57be9527e) Importer(815301076,1909f56bfc062723c751e8b465ee728b)  -> (artifact id: 'f5bdb798967f3e6606817664e5d56e54') in 0.012107 seconds 
========================================================================
Received Import Request.
  Time since last request: 0.044865 seconds.
  path: Assets/Editor/com.unity.mobile.notifications/NotificationSettings.asset
  artifactKey: Guid(45a04f37e0f48c744acc0874c4a8918a) Importer(815301076,1909f56bfc062723c751e8b465ee728b)
Start importing Assets/Editor/com.unity.mobile.notifications/NotificationSettings.asset using Guid(45a04f37e0f48c744acc0874c4a8918a) Importer(815301076,1909f56bfc062723c751e8b465ee728b)  -> (artifact id: 'edd26eb088e12f403d71beaeef62f10b') in 0.008092 seconds 
========================================================================
Received Import Request.
  Time since last request: 13.085818 seconds.
  path: Assets/TutorialInfo/Icons
  artifactKey: Guid(8a0c9218a650547d98138cd835033977) Importer(815301076,1909f56bfc062723c751e8b465ee728b)
Start importing Assets/TutorialInfo/Icons using Guid(8a0c9218a650547d98138cd835033977) Importer(815301076,1909f56bfc062723c751e8b465ee728b)  -> (artifact id: '4f85b7a89ef3d881093a23dd514b6538') in 0.009519 seconds 
========================================================================
Received Import Request.
  Time since last request: 0.787862 seconds.
  path: Assets/TutorialInfo/Scripts
  artifactKey: Guid(5a9bcd70e6a4b4b05badaa72e827d8e0) Importer(815301076,1909f56bfc062723c751e8b465ee728b)
Start importing Assets/TutorialInfo/Scripts using Guid(5a9bcd70e6a4b4b05badaa72e827d8e0) Importer(815301076,1909f56bfc062723c751e8b465ee728b)  -> (artifact id: 'e7e4f6b8bed51f2d5bb97777514a10e9') in 0.009422 seconds 
========================================================================
Received Import Request.
  Time since last request: 0.824703 seconds.
  path: Assets/TutorialInfo/Scripts/Editor
  artifactKey: Guid(3ad9b87dffba344c89909c6d1b1c17e1) Importer(815301076,1909f56bfc062723c751e8b465ee728b)
Start importing Assets/TutorialInfo/Scripts/Editor using Guid(3ad9b87dffba344c89909c6d1b1c17e1) Importer(815301076,1909f56bfc062723c751e8b465ee728b)  -> (artifact id: '6c0e8e2a99804f7f249b7fb1c7f3743c') in 0.008793 seconds 
========================================================================
Received Import Request.
  Time since last request: 4.016297 seconds.
  path: Assets/TextMesh Pro/Fonts
  artifactKey: Guid(6ab70aee4d56447429c680537fbf93ed) Importer(815301076,1909f56bfc062723c751e8b465ee728b)
Start importing Assets/TextMesh Pro/Fonts using Guid(6ab70aee4d56447429c680537fbf93ed) Importer(815301076,1909f56bfc062723c751e8b465ee728b)  -> (artifact id: '8cbcf11b9c0db8e93a500315a7744f16') in 0.012910 seconds 
