Using pre-set license
Built from '2021.3/staging' branch; Version is '2021.3.5f1 (40eb3a945986) revision 4254522'; Using compiler version '192829333'; Build Type 'Release'
OS: 'Windows 10  (10.0.19043) 64bit Core' Language: 'ko' Physical Memory: 8079 MB
BatchMode: 1, IsHumanControllingUs: 0, StartBugReporterOnCrash: 0, Is64bit: 1, IsPro: 1

COMMAND LINE ARGUMENTS:
D:\Unity Hub\2021.3.5f1\Editor\Unity.exe
-adb2
-batchMode
-noUpm
-name
AssetImportWorker5
-projectPath
D:/Coding/Unity
-logFile
Logs/AssetImportWorker5.log
-srvPort
12513
Successfully changed project path to: D:/Coding/Unity
D:/Coding/Unity
[UnityMemory] Configuration Parameters - Can be set up in boot.config
    "memorysetup-bucket-allocator-granularity=16"
    "memorysetup-bucket-allocator-bucket-count=8"
    "memorysetup-bucket-allocator-block-size=33554432"
    "memorysetup-bucket-allocator-block-count=8"
    "memorysetup-main-allocator-block-size=16777216"
    "memorysetup-thread-allocator-block-size=16777216"
    "memorysetup-gfx-main-allocator-block-size=16777216"
    "memorysetup-gfx-thread-allocator-block-size=16777216"
    "memorysetup-cache-allocator-block-size=4194304"
    "memorysetup-typetree-allocator-block-size=2097152"
    "memorysetup-profiler-bucket-allocator-granularity=16"
    "memorysetup-profiler-bucket-allocator-bucket-count=8"
    "memorysetup-profiler-bucket-allocator-block-size=33554432"
    "memorysetup-profiler-bucket-allocator-block-count=8"
    "memorysetup-profiler-allocator-block-size=16777216"
    "memorysetup-profiler-editor-allocator-block-size=1048576"
    "memorysetup-temp-allocator-size-main=16777216"
    "memorysetup-job-temp-allocator-block-size=2097152"
    "memorysetup-job-temp-allocator-block-size-background=1048576"
    "memorysetup-job-temp-allocator-reduction-small-platforms=262144"
    "memorysetup-temp-allocator-size-background-worker=32768"
    "memorysetup-temp-allocator-size-job-worker=262144"
    "memorysetup-temp-allocator-size-preload-manager=33554432"
    "memorysetup-temp-allocator-size-nav-mesh-worker=65536"
    "memorysetup-temp-allocator-size-audio-worker=65536"
    "memorysetup-temp-allocator-size-cloud-worker=32768"
    "memorysetup-temp-allocator-size-gi-baking-worker=262144"
    "memorysetup-temp-allocator-size-gfx=262144"
Refreshing native plugins compatible for Editor in 176.14 ms, found 3 plugins.
Preloading 0 native plugins for Editor in 0.00 ms.
Initialize engine version: 2021.3.5f1 (40eb3a945986)
[Subsystems] Discovering subsystems at path D:/Unity Hub/2021.3.5f1/Editor/Data/Resources/UnitySubsystems
[Subsystems] Discovering subsystems at path D:/Coding/Unity/Assets
GfxDevice: creating device client; threaded=0; jobified=0
Direct3D:
    Version:  Direct3D 11.0 [level 11.1]
    Renderer: Intel(R) HD Graphics 620 (ID=0x5916)
    Vendor:   Intel
    VRAM:     4039 MB
    Driver:   21.20.16.4534
Initialize mono
Mono path[0] = 'D:/Unity Hub/2021.3.5f1/Editor/Data/Managed'
Mono path[1] = 'D:/Unity Hub/2021.3.5f1/Editor/Data/MonoBleedingEdge/lib/mono/unityjit-win32'
Mono config path = 'D:/Unity Hub/2021.3.5f1/Editor/Data/MonoBleedingEdge/etc'
Using monoOptions --debugger-agent=transport=dt_socket,embedding=1,server=y,suspend=n,address=127.0.0.1:56352
Begin MonoManager ReloadAssembly
Registering precompiled unity dll's ...
Register platform support module: D:/Unity Hub/2021.3.5f1/Editor/Data/PlaybackEngines/WebGLSupport/UnityEditor.WebGL.Extensions.dll
Register platform support module: D:/Unity Hub/2021.3.5f1/Editor/Data/PlaybackEngines/AndroidPlayer/UnityEditor.Android.Extensions.dll
Register platform support module: D:/Unity Hub/2021.3.5f1/Editor/Data/PlaybackEngines/WindowsStandaloneSupport/UnityEditor.WindowsStandalone.Extensions.dll
Registered in 0.013586 seconds.
Native extension for WindowsStandalone target not found
Native extension for Android target not found
Native extension for WebGL target not found
Refreshing native plugins compatible for Editor in 147.40 ms, found 3 plugins.
Preloading 0 native plugins for Editor in 0.00 ms.
Mono: successfully reloaded assembly
- Completed reload, in  1.811 seconds
Domain Reload Profiling:
	ReloadAssembly (1812ms)
		BeginReloadAssembly (297ms)
			ExecutionOrderSort (0ms)
			DisableScriptedObjects (0ms)
			BackupInstance (0ms)
			ReleaseScriptingObjects (0ms)
			CreateAndSetChildDomain (2ms)
		EndReloadAssembly (1212ms)
			LoadAssemblies (295ms)
			RebuildTransferFunctionScriptingTraits (0ms)
			SetupTypeCache (367ms)
			ReleaseScriptCaches (0ms)
			RebuildScriptCaches (55ms)
			SetupLoadedEditorAssemblies (705ms)
				LogAssemblyErrors (0ms)
				InitializePlatformSupportModulesInManaged (165ms)
				SetLoadedEditorAssemblies (0ms)
				RefreshPlugins (148ms)
				BeforeProcessingInitializeOnLoad (2ms)
				ProcessInitializeOnLoadAttributes (201ms)
				ProcessInitializeOnLoadMethodAttributes (190ms)
				AfterProcessingInitializeOnLoad (0ms)
				EditorAssembliesLoaded (0ms)
			ExecutionOrderSort2 (0ms)
			AwakeInstancesAfterBackupRestoration (0ms)
Platform modules already initialized, skipping
Registering precompiled user dll's ...
Registered in 0.017275 seconds.
Android Extension - Scanning For ADB Devices 15013 ms
Begin MonoManager ReloadAssembly
Symbol file LoadedFromMemory doesn't match image D:\Coding\Unity\Library\PackageCache\com.unity.visualscripting@1.7.8\Editor\VisualScripting.Core\Dependencies\YamlDotNet\Unity.VisualScripting.YamlDotNet.dll
Symbol file LoadedFromMemory doesn't match image D:\Coding\Unity\Library\PackageCache\com.unity.visualscripting@1.7.8\Editor\VisualScripting.Core\Dependencies\DotNetZip\Unity.VisualScripting.IonicZip.dll
Native extension for WindowsStandalone target not found
Native extension for Android target not found
Native extension for WebGL target not found
Refreshing native plugins compatible for Editor in 1.80 ms, found 3 plugins.
Preloading 0 native plugins for Editor in 0.00 ms.
Mono: successfully reloaded assembly
Package Manager log level set to [2]
- Completed reload, in  5.380 seconds
Domain Reload Profiling:
	ReloadAssembly (5382ms)
		BeginReloadAssembly (330ms)
			ExecutionOrderSort (0ms)
			DisableScriptedObjects (15ms)
			BackupInstance (0ms)
			ReleaseScriptingObjects (0ms)
			CreateAndSetChildDomain (32ms)
		EndReloadAssembly (4703ms)
			LoadAssemblies (2759ms)
			RebuildTransferFunctionScriptingTraits (0ms)
			SetupTypeCache (669ms)
			ReleaseScriptCaches (1ms)
			RebuildScriptCaches (68ms)
			SetupLoadedEditorAssemblies (1159ms)
				LogAssemblyErrors (0ms)
				InitializePlatformSupportModulesInManaged (35ms)
				SetLoadedEditorAssemblies (3ms)
				RefreshPlugins (2ms)
				BeforeProcessingInitializeOnLoad (169ms)
				ProcessInitializeOnLoadAttributes (630ms)
				ProcessInitializeOnLoadMethodAttributes (313ms)
				AfterProcessingInitializeOnLoad (7ms)
				EditorAssembliesLoaded (0ms)
			ExecutionOrderSort2 (0ms)
			AwakeInstancesAfterBackupRestoration (23ms)
Platform modules already initialized, skipping
========================================================================
Worker process is ready to serve import requests
Launched and connected shader compiler UnityShaderCompiler.exe after 0.36 seconds
Refreshing native plugins compatible for Editor in 0.91 ms, found 3 plugins.
Preloading 0 native plugins for Editor in 0.00 ms.
Unloading 3562 Unused Serialized files (Serialized files now loaded: 0)
Unloading 43 unused Assets / (86.6 KB). Loaded Objects now: 4025.
Memory consumption went from 140.7 MB to 140.7 MB.
Total: 4.942400 ms (FindLiveObjects: 0.380100 ms CreateObjectMapping: 0.269700 ms MarkObjects: 4.126700 ms  DeleteObjects: 0.164100 ms)

AssetImportParameters requested are different than current active one (requested -> active):
  custom:video-decoder-ogg-theora: a1e56fd34408186e4bbccfd4996cb3dc -> 
  custom:container-muxer-webm: aa71ff27fc2769a1b78a27578f13a17b -> 
  custom:container-demuxer-webm: 4f35f7cbe854078d1ac9338744f61a02 -> 
  custom:video-encoder-webm-vp8: eb34c28f22e8b96e1ab97ce403110664 -> 
  custom:video-codec-MediaFoundation-h265: 746d11721c4dcdbdad8f713fa42b33f4 -> 
  custom:audio-encoder-webm-vorbis: bf7c407c2cedff20999df2af8eb42d56 -> 
  custom:framework-win-MediaFoundation: 216162199b28c13a410421893ffa2e32 -> 
  custom:container-demuxer-ogg: 62fdf1f143b41e24485cea50d1cbac27 -> 
  custom:video-decoder-webm-vp8: 9c59270c3fd7afecdb556c50c9e8de78 -> 
  custom:audio-decoder-ogg-vorbis: bf7c407c2cedff20999df2af8eb42d56 -> 
========================================================================
Received Import Request.
  Time since last request: 1088.900614 seconds.
  path: Assets/image/ui/character/select/ui1.png
  artifactKey: Guid(31eb1b49a008fb54d9b057910a2a38cb) Importer(815301076,1909f56bfc062723c751e8b465ee728b)
Start importing Assets/image/ui/character/select/ui1.png using Guid(31eb1b49a008fb54d9b057910a2a38cb) Importer(815301076,1909f56bfc062723c751e8b465ee728b)  -> (artifact id: '60f83cb9b71940fef05ab30754a157ba') in 0.616194 seconds 
========================================================================
Received Import Request.
  Time since last request: 0.000038 seconds.
  path: Assets/image/ui/character/select/ui2.png
  artifactKey: Guid(56bf355f7baa20344bb5f6980de7a204) Importer(815301076,1909f56bfc062723c751e8b465ee728b)
Start importing Assets/image/ui/character/select/ui2.png using Guid(56bf355f7baa20344bb5f6980de7a204) Importer(815301076,1909f56bfc062723c751e8b465ee728b)  -> (artifact id: '80cffa4dd3ff4f8e479a0b89921be740') in 0.072342 seconds 
========================================================================
Received Import Request.
  Time since last request: 0.000038 seconds.
  path: Assets/image/ui/character/select/ui3.png
  artifactKey: Guid(4ca914a50b6f7f441abe63f7645ff881) Importer(815301076,1909f56bfc062723c751e8b465ee728b)
Start importing Assets/image/ui/character/select/ui3.png using Guid(4ca914a50b6f7f441abe63f7645ff881) Importer(815301076,1909f56bfc062723c751e8b465ee728b)  -> (artifact id: '150c32a2e70d450c38713171cda636fe') in 0.022959 seconds 
========================================================================
Received Import Request.
  Time since last request: 139.120881 seconds.
  path: Assets/image/ui/character/select/ui4.png
  artifactKey: Guid(e5144c7b25cf39d48991df00abf6b7fa) Importer(815301076,1909f56bfc062723c751e8b465ee728b)
Start importing Assets/image/ui/character/select/ui4.png using Guid(e5144c7b25cf39d48991df00abf6b7fa) Importer(815301076,1909f56bfc062723c751e8b465ee728b)  -> (artifact id: '4a90e7e12d44ffa62f295134a91e6997') in 0.068711 seconds 
========================================================================
Received Import Request.
  Time since last request: 6.947507 seconds.
  path: Assets/image/ui/character/select/ui4.png
  artifactKey: Guid(e5144c7b25cf39d48991df00abf6b7fa) Importer(815301076,1909f56bfc062723c751e8b465ee728b)
Start importing Assets/image/ui/character/select/ui4.png using Guid(e5144c7b25cf39d48991df00abf6b7fa) Importer(815301076,1909f56bfc062723c751e8b465ee728b)  -> (artifact id: '31b9daacb34319c5e8090d75f0a9fa79') in 0.068506 seconds 
========================================================================
Received Import Request.
  Time since last request: 98.015570 seconds.
  path: Assets/image/ui/character/select/ui3.png
  artifactKey: Guid(4ca914a50b6f7f441abe63f7645ff881) Importer(815301076,1909f56bfc062723c751e8b465ee728b)
Start importing Assets/image/ui/character/select/ui3.png using Guid(4ca914a50b6f7f441abe63f7645ff881) Importer(815301076,1909f56bfc062723c751e8b465ee728b)  -> (artifact id: '20cf58792ccf2157621968ca6e15e8a1') in 0.028124 seconds 
========================================================================
Received Import Request.
  Time since last request: 8.609289 seconds.
  path: Assets/image/ui/character/select/ui3.png
  artifactKey: Guid(4ca914a50b6f7f441abe63f7645ff881) Importer(815301076,1909f56bfc062723c751e8b465ee728b)
Start importing Assets/image/ui/character/select/ui3.png using Guid(4ca914a50b6f7f441abe63f7645ff881) Importer(815301076,1909f56bfc062723c751e8b465ee728b)  -> (artifact id: 'ad08fae2a1202f38691bd2623cfbdcd3') in 0.049857 seconds 
========================================================================
Received Import Request.
  Time since last request: 455.305413 seconds.
  path: Assets/image/ui/character/select/ui5.png
  artifactKey: Guid(71a181d2c7affd34684c8196555fe672) Importer(815301076,1909f56bfc062723c751e8b465ee728b)
Start importing Assets/image/ui/character/select/ui5.png using Guid(71a181d2c7affd34684c8196555fe672) Importer(815301076,1909f56bfc062723c751e8b465ee728b)  -> (artifact id: '5be9efa78c73194d8ce2055da7c9adaa') in 0.065585 seconds 
========================================================================
Received Import Request.
  Time since last request: 72.308858 seconds.
  path: Assets/image/ui/character/select/ui5.png
  artifactKey: Guid(71a181d2c7affd34684c8196555fe672) Importer(815301076,1909f56bfc062723c751e8b465ee728b)
Start importing Assets/image/ui/character/select/ui5.png using Guid(71a181d2c7affd34684c8196555fe672) Importer(815301076,1909f56bfc062723c751e8b465ee728b)  -> (artifact id: '4a8ba080703c23a1f63f088aeebd1510') in 0.042709 seconds 
========================================================================
Received Import Request.
  Time since last request: 135.133335 seconds.
  path: Assets/image/ui/character/select/ui5.png
  artifactKey: Guid(71a181d2c7affd34684c8196555fe672) Importer(815301076,1909f56bfc062723c751e8b465ee728b)
Start importing Assets/image/ui/character/select/ui5.png using Guid(71a181d2c7affd34684c8196555fe672) Importer(815301076,1909f56bfc062723c751e8b465ee728b)  -> (artifact id: '80613e59cf5be1fc671c7d6914fb7a4f') in 0.023803 seconds 
========================================================================
Received Import Request.
  Time since last request: 10.243759 seconds.
  path: Assets/image/ui/character/select/ui5.png
  artifactKey: Guid(71a181d2c7affd34684c8196555fe672) Importer(815301076,1909f56bfc062723c751e8b465ee728b)
Start importing Assets/image/ui/character/select/ui5.png using Guid(71a181d2c7affd34684c8196555fe672) Importer(815301076,1909f56bfc062723c751e8b465ee728b)  -> (artifact id: '1f3b9e0873daa7eb22c759823f30d39f') in 0.028017 seconds 
========================================================================
Received Import Request.
  Time since last request: 227.492104 seconds.
  path: Assets/image/ui/character/select/ui6.png
  artifactKey: Guid(7be0a216ce1b325469492b4b9355770f) Importer(815301076,1909f56bfc062723c751e8b465ee728b)
Start importing Assets/image/ui/character/select/ui6.png using Guid(7be0a216ce1b325469492b4b9355770f) Importer(815301076,1909f56bfc062723c751e8b465ee728b)  -> (artifact id: 'c4d0fc0630fa5372fd0c90e54477e119') in 0.030209 seconds 
========================================================================
Received Import Request.
  Time since last request: 10.157315 seconds.
  path: Assets/image/ui/character/select/ui6.png
  artifactKey: Guid(7be0a216ce1b325469492b4b9355770f) Importer(815301076,1909f56bfc062723c751e8b465ee728b)
Start importing Assets/image/ui/character/select/ui6.png using Guid(7be0a216ce1b325469492b4b9355770f) Importer(815301076,1909f56bfc062723c751e8b465ee728b)  -> (artifact id: '5f2a4b8cfa4974078fab54daaba19051') in 0.044443 seconds 
